<?xml version="1.0" encoding="UTF-8"?>
<!-- Generated by org.testng.reporters.JUnitReportReporter -->
<testsuite skipped="0" hostname="Mukesh" name="com.test.pckg.JenkinTrigger" tests="1" failures="0" timestamp="5 Apr 2017 15:24:50 GMT" time="1.036" errors="0">
  <testcase name="trigger" time="1.036" classname="com.test.pckg.JenkinTrigger"/>
</testsuite> <!-- com.test.pckg.JenkinTrigger -->
